{"/Users/sunggukjung/PTRI-16/NextFlow/src/extension.ts": {"path":"/Users/sunggukjung/PTRI-16/NextFlow/src/extension.ts","statementMap":{"0":{"start":{"line":9,"column":0},"end":{"line":9,"column":16}},"1":{"start":{"line":287,"column":0},"end":{"line":287,"column":16}},"2":{"start":{"line":3,"column":0},"end":{"line":3,"column":33}},"3":{"start":{"line":4,"column":0},"end":{"line":4,"column":29}},"4":{"start":{"line":5,"column":0},"end":{"line":5,"column":52}},"5":{"start":{"line":12,"column":2},"end":{"line":12,"column":75}},"6":{"start":{"line":17,"column":13},"end":{"line":267,"column":4}},"7":{"start":{"line":18,"column":18},"end":{"line":25,"column":null}},"8":{"start":{"line":28,"column":22},"end":{"line":29,"column":null}},"9":{"start":{"line":32,"column":4},"end":{"line":32,"column":54}},"10":{"start":{"line":34,"column":22},"end":{"line":34,"column":24}},"11":{"start":{"line":36,"column":4},"end":{"line":266,"column":7}},"12":{"start":{"line":37,"column":6},"end":{"line":265,"column":7}},"13":{"start":{"line":39,"column":26},"end":{"line":45,"column":12}},"14":{"start":{"line":47,"column":26},"end":{"line":47,"column":69}},"15":{"start":{"line":49,"column":10},"end":{"line":125,"column":11}},"16":{"start":{"line":50,"column":29},"end":{"line":50,"column":46}},"17":{"start":{"line":52,"column":12},"end":{"line":124,"column":13}},"18":{"start":{"line":53,"column":31},"end":{"line":53,"column":49}},"19":{"start":{"line":54,"column":34},"end":{"line":54,"column":55}},"20":{"start":{"line":57,"column":28},"end":{"line":57,"column":57}},"21":{"start":{"line":59,"column":29},"end":{"line":59,"column":55}},"22":{"start":{"line":60,"column":32},"end":{"line":60,"column":53}},"23":{"start":{"line":67,"column":31},"end":{"line":71,"column":16}},"24":{"start":{"line":73,"column":34},"end":{"line":78,"column":16}},"25":{"start":{"line":80,"column":14},"end":{"line":94,"column":16}},"26":{"start":{"line":112,"column":30},"end":{"line":112,"column":52}},"27":{"start":{"line":114,"column":31},"end":{"line":114,"column":56}},"28":{"start":{"line":115,"column":14},"end":{"line":121,"column":17}},"29":{"start":{"line":123,"column":14},"end":{"line":123,"column":44}},"30":{"start":{"line":126,"column":10},"end":{"line":126,"column":16}},"31":{"start":{"line":132,"column":31},"end":{"line":139,"column":null}},"32":{"start":{"line":142,"column":10},"end":{"line":254,"column":14}},"33":{"start":{"line":256,"column":10},"end":{"line":259,"column":13}},"34":{"start":{"line":260,"column":10},"end":{"line":260,"column":16}},"35":{"start":{"line":263,"column":10},"end":{"line":263,"column":55}},"36":{"start":{"line":264,"column":10},"end":{"line":264,"column":16}},"37":{"start":{"line":269,"column":2},"end":{"line":269,"column":33}},"38":{"start":{"line":273,"column":2},"end":{"line":283,"column":15}}},"fnMap":{"0":{"name":"activate","decl":{"start":{"line":9,"column":16},"end":{"line":9,"column":24}},"loc":{"start":{"line":9,"column":57},"end":{"line":270,"column":1}}},"1":{"name":"(anonymous_1)","decl":{"start":{"line":17,"column":63},"end":{"line":17,"column":68}},"loc":{"start":{"line":17,"column":74},"end":{"line":267,"column":3}}},"2":{"name":"(anonymous_2)","decl":{"start":{"line":36,"column":38},"end":{"line":36,"column":43}},"loc":{"start":{"line":36,"column":56},"end":{"line":266,"column":5}}},"3":{"name":"getWebviewContent","decl":{"start":{"line":272,"column":9},"end":{"line":272,"column":26}},"loc":{"start":{"line":272,"column":42},"end":{"line":284,"column":1}}},"4":{"name":"deactivate","decl":{"start":{"line":287,"column":16},"end":{"line":287,"column":26}},"loc":{"start":{"line":287,"column":26},"end":{"line":287,"column":31}}}},"branchMap":{"0":{"loc":{"start":{"line":37,"column":6},"end":{"line":265,"column":7}},"type":"switch","locations":[{"start":{"line":38,"column":8},"end":{"line":126,"column":16}},{"start":{"line":128,"column":8},"end":{"line":260,"column":16}},{"start":{"line":262,"column":8},"end":{"line":264,"column":16}}]},"1":{"loc":{"start":{"line":49,"column":10},"end":{"line":125,"column":11}},"type":"if","locations":[{"start":{"line":49,"column":10},"end":{"line":125,"column":11}}]},"2":{"loc":{"start":{"line":49,"column":14},"end":{"line":49,"column":35}},"type":"binary-expr","locations":[{"start":{"line":49,"column":14},"end":{"line":49,"column":21}},{"start":{"line":49,"column":25},"end":{"line":49,"column":35}}]}},"s":{"0":1,"1":1,"2":1,"3":1,"4":1,"5":3,"6":3,"7":1,"8":1,"9":1,"10":1,"11":1,"12":0,"13":0,"14":0,"15":0,"16":0,"17":0,"18":0,"19":0,"20":0,"21":0,"22":0,"23":0,"24":0,"25":0,"26":0,"27":0,"28":0,"29":0,"30":0,"31":0,"32":0,"33":0,"34":0,"35":0,"36":0,"37":3,"38":1},"f":{"0":3,"1":1,"2":0,"3":1,"4":0},"b":{"0":[0,0,0],"1":[0],"2":[0,0]}}
,"/Users/sunggukjung/PTRI-16/NextFlow/src/webview/parsingScript.ts": {"path":"/Users/sunggukjung/PTRI-16/NextFlow/src/webview/parsingScript.ts","statementMap":{"0":{"start":{"line":1,"column":0},"end":{"line":1,"column":29}},"1":{"start":{"line":2,"column":0},"end":{"line":2,"column":25}},"2":{"start":{"line":3,"column":0},"end":{"line":3,"column":40}},"3":{"start":{"line":4,"column":0},"end":{"line":4,"column":53}},"4":{"start":{"line":5,"column":0},"end":{"line":5,"column":34}},"5":{"start":{"line":36,"column":28},"end":{"line":36,"column":64}},"6":{"start":{"line":37,"column":18},"end":{"line":37,"column":48}},"7":{"start":{"line":38,"column":24},"end":{"line":46,"column":2}},"8":{"start":{"line":48,"column":22},"end":{"line":347,"column":1}},"9":{"start":{"line":51,"column":29},"end":{"line":170,"column":3}},"10":{"start":{"line":56,"column":35},"end":{"line":56,"column":62}},"11":{"start":{"line":57,"column":22},"end":{"line":57,"column":61}},"12":{"start":{"line":58,"column":4},"end":{"line":58,"column":46}},"13":{"start":{"line":59,"column":4},"end":{"line":59,"column":60}},"14":{"start":{"line":60,"column":4},"end":{"line":167,"column":7}},"15":{"start":{"line":62,"column":20},"end":{"line":62,"column":48}},"16":{"start":{"line":66,"column":6},"end":{"line":71,"column":7}},"17":{"start":{"line":67,"column":8},"end":{"line":67,"column":39}},"18":{"start":{"line":68,"column":8},"end":{"line":68,"column":34}},"19":{"start":{"line":69,"column":8},"end":{"line":69,"column":34}},"20":{"start":{"line":70,"column":8},"end":{"line":70,"column":72}},"21":{"start":{"line":75,"column":6},"end":{"line":130,"column":7}},"22":{"start":{"line":77,"column":8},"end":{"line":90,"column":9}},"23":{"start":{"line":79,"column":29},"end":{"line":79,"column":57}},"24":{"start":{"line":84,"column":10},"end":{"line":89,"column":13}},"25":{"start":{"line":92,"column":40},"end":{"line":93,"column":null}},"26":{"start":{"line":93,"column":27},"end":{"line":93,"column":55}},"27":{"start":{"line":96,"column":8},"end":{"line":107,"column":9}},"28":{"start":{"line":98,"column":29},"end":{"line":98,"column":61}},"29":{"start":{"line":102,"column":10},"end":{"line":106,"column":13}},"30":{"start":{"line":110,"column":10},"end":{"line":111,"column":null}},"31":{"start":{"line":111,"column":29},"end":{"line":111,"column":61}},"32":{"start":{"line":115,"column":8},"end":{"line":129,"column":9}},"33":{"start":{"line":116,"column":10},"end":{"line":128,"column":13}},"34":{"start":{"line":117,"column":12},"end":{"line":127,"column":13}},"35":{"start":{"line":119,"column":33},"end":{"line":119,"column":58}},"36":{"start":{"line":122,"column":14},"end":{"line":126,"column":17}},"37":{"start":{"line":132,"column":6},"end":{"line":166,"column":7}},"38":{"start":{"line":134,"column":8},"end":{"line":145,"column":9}},"39":{"start":{"line":136,"column":29},"end":{"line":136,"column":61}},"40":{"start":{"line":140,"column":10},"end":{"line":144,"column":13}},"41":{"start":{"line":147,"column":44},"end":{"line":148,"column":null}},"42":{"start":{"line":148,"column":27},"end":{"line":148,"column":59}},"43":{"start":{"line":151,"column":8},"end":{"line":165,"column":9}},"44":{"start":{"line":152,"column":10},"end":{"line":164,"column":13}},"45":{"start":{"line":153,"column":12},"end":{"line":163,"column":13}},"46":{"start":{"line":155,"column":33},"end":{"line":155,"column":58}},"47":{"start":{"line":158,"column":14},"end":{"line":162,"column":17}},"48":{"start":{"line":168,"column":4},"end":{"line":168,"column":70}},"49":{"start":{"line":169,"column":4},"end":{"line":169,"column":23}},"50":{"start":{"line":172,"column":30},"end":{"line":190,"column":3}},"51":{"start":{"line":173,"column":20},"end":{"line":173,"column":60}},"52":{"start":{"line":176,"column":20},"end":{"line":176,"column":54}},"53":{"start":{"line":178,"column":4},"end":{"line":189,"column":5}},"54":{"start":{"line":179,"column":6},"end":{"line":188,"column":9}},"55":{"start":{"line":181,"column":32},"end":{"line":185,"column":17}},"56":{"start":{"line":187,"column":8},"end":{"line":187,"column":56}},"57":{"start":{"line":192,"column":33},"end":{"line":244,"column":3}},"58":{"start":{"line":194,"column":4},"end":{"line":196,"column":5}},"59":{"start":{"line":195,"column":6},"end":{"line":195,"column":34}},"60":{"start":{"line":197,"column":4},"end":{"line":199,"column":5}},"61":{"start":{"line":198,"column":6},"end":{"line":198,"column":37}},"62":{"start":{"line":202,"column":20},"end":{"line":202,"column":60}},"63":{"start":{"line":203,"column":18},"end":{"line":203,"column":37}},"64":{"start":{"line":204,"column":21},"end":{"line":204,"column":26}},"65":{"start":{"line":207,"column":4},"end":{"line":243,"column":7}},"66":{"start":{"line":208,"column":24},"end":{"line":208,"column":35}},"67":{"start":{"line":209,"column":20},"end":{"line":209,"column":96}},"68":{"start":{"line":210,"column":26},"end":{"line":210,"column":52}},"69":{"start":{"line":213,"column":6},"end":{"line":215,"column":7}},"70":{"start":{"line":214,"column":8},"end":{"line":214,"column":27}},"71":{"start":{"line":218,"column":6},"end":{"line":220,"column":7}},"72":{"start":{"line":219,"column":8},"end":{"line":219,"column":26}},"73":{"start":{"line":223,"column":6},"end":{"line":242,"column":7}},"74":{"start":{"line":225,"column":31},"end":{"line":227,"column":43}},"75":{"start":{"line":230,"column":8},"end":{"line":232,"column":9}},"76":{"start":{"line":231,"column":10},"end":{"line":231,"column":17}},"77":{"start":{"line":235,"column":24},"end":{"line":235,"column":55}},"78":{"start":{"line":236,"column":8},"end":{"line":241,"column":9}},"79":{"start":{"line":238,"column":29},"end":{"line":238,"column":113}},"80":{"start":{"line":238,"column":54},"end":{"line":238,"column":112}},"81":{"start":{"line":238,"column":89},"end":{"line":238,"column":111}},"82":{"start":{"line":240,"column":10},"end":{"line":240,"column":69}},"83":{"start":{"line":240,"column":40},"end":{"line":240,"column":67}},"84":{"start":{"line":246,"column":28},"end":{"line":343,"column":3}},"85":{"start":{"line":250,"column":17},"end":{"line":250,"column":50}},"86":{"start":{"line":251,"column":16},"end":{"line":254,"column":6}},"87":{"start":{"line":256,"column":34},"end":{"line":256,"column":36}},"88":{"start":{"line":257,"column":34},"end":{"line":257,"column":36}},"89":{"start":{"line":259,"column":4},"end":{"line":316,"column":7}},"90":{"start":{"line":261,"column":8},"end":{"line":268,"column":11}},"91":{"start":{"line":263,"column":58},"end":{"line":267,"column":12}},"92":{"start":{"line":271,"column":8},"end":{"line":297,"column":9}},"93":{"start":{"line":272,"column":30},"end":{"line":272,"column":51}},"94":{"start":{"line":273,"column":10},"end":{"line":287,"column":11}},"95":{"start":{"line":274,"column":12},"end":{"line":281,"column":15}},"96":{"start":{"line":275,"column":14},"end":{"line":280,"column":15}},"97":{"start":{"line":276,"column":16},"end":{"line":279,"column":19}},"98":{"start":{"line":282,"column":17},"end":{"line":287,"column":11}},"99":{"start":{"line":283,"column":12},"end":{"line":286,"column":15}},"100":{"start":{"line":288,"column":15},"end":{"line":297,"column":9}},"101":{"start":{"line":289,"column":10},"end":{"line":296,"column":13}},"102":{"start":{"line":290,"column":12},"end":{"line":295,"column":13}},"103":{"start":{"line":291,"column":14},"end":{"line":294,"column":17}},"104":{"start":{"line":300,"column":28},"end":{"line":300,"column":49}},"105":{"start":{"line":301,"column":8},"end":{"line":314,"column":9}},"106":{"start":{"line":305,"column":10},"end":{"line":308,"column":13}},"107":{"start":{"line":309,"column":15},"end":{"line":314,"column":9}},"108":{"start":{"line":310,"column":10},"end":{"line":313,"column":13}},"109":{"start":{"line":318,"column":4},"end":{"line":318,"column":34}},"110":{"start":{"line":320,"column":4},"end":{"line":330,"column":6}},"111":{"start":{"line":322,"column":8},"end":{"line":328,"column":9}},"112":{"start":{"line":323,"column":31},"end":{"line":325,"column":null}},"113":{"start":{"line":327,"column":10},"end":{"line":327,"column":62}},"114":{"start":{"line":332,"column":28},"end":{"line":333,"column":null}},"115":{"start":{"line":333,"column":16},"end":{"line":333,"column":38}},"116":{"start":{"line":335,"column":4},"end":{"line":340,"column":6}},"117":{"start":{"line":337,"column":8},"end":{"line":337,"column":43}},"118":{"start":{"line":338,"column":8},"end":{"line":338,"column":40}},"119":{"start":{"line":342,"column":4},"end":{"line":342,"column":27}},"120":{"start":{"line":345,"column":26},"end":{"line":345,"column":59}},"121":{"start":{"line":346,"column":2},"end":{"line":346,"column":45}},"122":{"start":{"line":349,"column":0},"end":{"line":349,"column":29}}},"fnMap":{"0":{"name":"(anonymous_0)","decl":{"start":{"line":48,"column":22},"end":{"line":48,"column":27}},"loc":{"start":{"line":50,"column":38},"end":{"line":347,"column":1}}},"1":{"name":"(anonymous_1)","decl":{"start":{"line":51,"column":29},"end":{"line":51,"column":null}},"loc":{"start":{"line":54,"column":19},"end":{"line":170,"column":3}}},"2":{"name":"(anonymous_2)","decl":{"start":{"line":60,"column":32},"end":{"line":60,"column":33}},"loc":{"start":{"line":60,"column":43},"end":{"line":167,"column":5}}},"3":{"name":"(anonymous_3)","decl":{"start":{"line":79,"column":12},"end":{"line":79,"column":13}},"loc":{"start":{"line":79,"column":29},"end":{"line":79,"column":57}}},"4":{"name":"(anonymous_4)","decl":{"start":{"line":93,"column":10},"end":{"line":93,"column":11}},"loc":{"start":{"line":93,"column":27},"end":{"line":93,"column":55}}},"5":{"name":"(anonymous_5)","decl":{"start":{"line":98,"column":12},"end":{"line":98,"column":13}},"loc":{"start":{"line":98,"column":29},"end":{"line":98,"column":61}}},"6":{"name":"(anonymous_6)","decl":{"start":{"line":111,"column":12},"end":{"line":111,"column":13}},"loc":{"start":{"line":111,"column":29},"end":{"line":111,"column":61}}},"7":{"name":"(anonymous_7)","decl":{"start":{"line":116,"column":31},"end":{"line":116,"column":32}},"loc":{"start":{"line":116,"column":40},"end":{"line":128,"column":11}}},"8":{"name":"(anonymous_8)","decl":{"start":{"line":119,"column":16},"end":{"line":119,"column":17}},"loc":{"start":{"line":119,"column":33},"end":{"line":119,"column":58}}},"9":{"name":"(anonymous_9)","decl":{"start":{"line":136,"column":12},"end":{"line":136,"column":13}},"loc":{"start":{"line":136,"column":29},"end":{"line":136,"column":61}}},"10":{"name":"(anonymous_10)","decl":{"start":{"line":148,"column":10},"end":{"line":148,"column":11}},"loc":{"start":{"line":148,"column":27},"end":{"line":148,"column":59}}},"11":{"name":"(anonymous_11)","decl":{"start":{"line":152,"column":31},"end":{"line":152,"column":32}},"loc":{"start":{"line":152,"column":40},"end":{"line":164,"column":11}}},"12":{"name":"(anonymous_12)","decl":{"start":{"line":155,"column":16},"end":{"line":155,"column":17}},"loc":{"start":{"line":155,"column":33},"end":{"line":155,"column":58}}},"13":{"name":"(anonymous_13)","decl":{"start":{"line":172,"column":30},"end":{"line":172,"column":35}},"loc":{"start":{"line":172,"column":78},"end":{"line":190,"column":3}}},"14":{"name":"(anonymous_14)","decl":{"start":{"line":179,"column":22},"end":{"line":179,"column":23}},"loc":{"start":{"line":179,"column":32},"end":{"line":188,"column":7}}},"15":{"name":"(anonymous_15)","decl":{"start":{"line":192,"column":33},"end":{"line":192,"column":38}},"loc":{"start":{"line":192,"column":81},"end":{"line":244,"column":3}}},"16":{"name":"(anonymous_16)","decl":{"start":{"line":207,"column":18},"end":{"line":207,"column":19}},"loc":{"start":{"line":207,"column":27},"end":{"line":243,"column":5}}},"17":{"name":"(anonymous_17)","decl":{"start":{"line":238,"column":44},"end":{"line":238,"column":45}},"loc":{"start":{"line":238,"column":54},"end":{"line":238,"column":112}}},"18":{"name":"(anonymous_18)","decl":{"start":{"line":238,"column":76},"end":{"line":238,"column":77}},"loc":{"start":{"line":238,"column":89},"end":{"line":238,"column":111}}},"19":{"name":"(anonymous_19)","decl":{"start":{"line":240,"column":29},"end":{"line":240,"column":30}},"loc":{"start":{"line":240,"column":40},"end":{"line":240,"column":67}}},"20":{"name":"(anonymous_20)","decl":{"start":{"line":246,"column":28},"end":{"line":246,"column":33}},"loc":{"start":{"line":249,"column":29},"end":{"line":343,"column":3}}},"21":{"name":"(anonymous_21)","decl":{"start":{"line":260,"column":6},"end":{"line":260,"column":23}},"loc":{"start":{"line":260,"column":59},"end":{"line":269,"column":7}}},"22":{"name":"(anonymous_22)","decl":{"start":{"line":263,"column":47},"end":{"line":263,"column":48}},"loc":{"start":{"line":263,"column":58},"end":{"line":267,"column":12}}},"23":{"name":"(anonymous_23)","decl":{"start":{"line":270,"column":6},"end":{"line":270,"column":28}},"loc":{"start":{"line":270,"column":69},"end":{"line":298,"column":7}}},"24":{"name":"(anonymous_24)","decl":{"start":{"line":274,"column":45},"end":{"line":274,"column":46}},"loc":{"start":{"line":274,"column":54},"end":{"line":281,"column":13}}},"25":{"name":"(anonymous_25)","decl":{"start":{"line":289,"column":39},"end":{"line":289,"column":40}},"loc":{"start":{"line":289,"column":48},"end":{"line":296,"column":11}}},"26":{"name":"(anonymous_26)","decl":{"start":{"line":299,"column":6},"end":{"line":299,"column":30}},"loc":{"start":{"line":299,"column":73},"end":{"line":315,"column":7}}},"27":{"name":"(anonymous_27)","decl":{"start":{"line":321,"column":18},"end":{"line":321,"column":23}},"loc":{"start":{"line":321,"column":39},"end":{"line":329,"column":7}}},"28":{"name":"(anonymous_28)","decl":{"start":{"line":333,"column":6},"end":{"line":333,"column":7}},"loc":{"start":{"line":333,"column":16},"end":{"line":333,"column":38}}},"29":{"name":"(anonymous_29)","decl":{"start":{"line":336,"column":26},"end":{"line":336,"column":31}},"loc":{"start":{"line":336,"column":41},"end":{"line":339,"column":7}}}},"branchMap":{"0":{"loc":{"start":{"line":53,"column":4},"end":{"line":53,"column":71}},"type":"default-arg","locations":[{"start":{"line":53,"column":31},"end":{"line":53,"column":71}}]},"1":{"loc":{"start":{"line":66,"column":6},"end":{"line":71,"column":7}},"type":"if","locations":[{"start":{"line":66,"column":6},"end":{"line":71,"column":7}}]},"2":{"loc":{"start":{"line":66,"column":10},"end":{"line":66,"column":60}},"type":"binary-expr","locations":[{"start":{"line":66,"column":10},"end":{"line":66,"column":33}},{"start":{"line":66,"column":37},"end":{"line":66,"column":60}}]},"3":{"loc":{"start":{"line":70,"column":30},"end":{"line":70,"column":71}},"type":"cond-expr","locations":[{"start":{"line":70,"column":47},"end":{"line":70,"column":66}},{"start":{"line":70,"column":69},"end":{"line":70,"column":71}}]},"4":{"loc":{"start":{"line":75,"column":6},"end":{"line":130,"column":7}},"type":"if","locations":[{"start":{"line":75,"column":6},"end":{"line":130,"column":7}}]},"5":{"loc":{"start":{"line":77,"column":8},"end":{"line":90,"column":9}},"type":"if","locations":[{"start":{"line":77,"column":8},"end":{"line":90,"column":9}}]},"6":{"loc":{"start":{"line":88,"column":21},"end":{"line":88,"column":62}},"type":"cond-expr","locations":[{"start":{"line":88,"column":38},"end":{"line":88,"column":57}},{"start":{"line":88,"column":60},"end":{"line":88,"column":62}}]},"7":{"loc":{"start":{"line":96,"column":8},"end":{"line":107,"column":9}},"type":"if","locations":[{"start":{"line":96,"column":8},"end":{"line":107,"column":9}}]},"8":{"loc":{"start":{"line":115,"column":8},"end":{"line":129,"column":9}},"type":"if","locations":[{"start":{"line":115,"column":8},"end":{"line":129,"column":9}}]},"9":{"loc":{"start":{"line":117,"column":12},"end":{"line":127,"column":13}},"type":"if","locations":[{"start":{"line":117,"column":12},"end":{"line":127,"column":13}}]},"10":{"loc":{"start":{"line":132,"column":6},"end":{"line":166,"column":7}},"type":"if","locations":[{"start":{"line":132,"column":6},"end":{"line":166,"column":7}}]},"11":{"loc":{"start":{"line":134,"column":8},"end":{"line":145,"column":9}},"type":"if","locations":[{"start":{"line":134,"column":8},"end":{"line":145,"column":9}}]},"12":{"loc":{"start":{"line":151,"column":8},"end":{"line":165,"column":9}},"type":"if","locations":[{"start":{"line":151,"column":8},"end":{"line":165,"column":9}}]},"13":{"loc":{"start":{"line":153,"column":12},"end":{"line":163,"column":13}},"type":"if","locations":[{"start":{"line":153,"column":12},"end":{"line":163,"column":13}}]},"14":{"loc":{"start":{"line":178,"column":4},"end":{"line":189,"column":5}},"type":"if","locations":[{"start":{"line":178,"column":4},"end":{"line":189,"column":5}}]},"15":{"loc":{"start":{"line":194,"column":4},"end":{"line":196,"column":5}},"type":"if","locations":[{"start":{"line":194,"column":4},"end":{"line":196,"column":5}}]},"16":{"loc":{"start":{"line":197,"column":4},"end":{"line":199,"column":5}},"type":"if","locations":[{"start":{"line":197,"column":4},"end":{"line":199,"column":5}}]},"17":{"loc":{"start":{"line":213,"column":6},"end":{"line":215,"column":7}},"type":"if","locations":[{"start":{"line":213,"column":6},"end":{"line":215,"column":7}}]},"18":{"loc":{"start":{"line":213,"column":10},"end":{"line":213,"column":51}},"type":"binary-expr","locations":[{"start":{"line":213,"column":10},"end":{"line":213,"column":37}},{"start":{"line":213,"column":41},"end":{"line":213,"column":51}}]},"19":{"loc":{"start":{"line":218,"column":6},"end":{"line":220,"column":7}},"type":"if","locations":[{"start":{"line":218,"column":6},"end":{"line":220,"column":7}}]},"20":{"loc":{"start":{"line":223,"column":6},"end":{"line":242,"column":7}},"type":"if","locations":[{"start":{"line":223,"column":6},"end":{"line":242,"column":7}}]},"21":{"loc":{"start":{"line":230,"column":8},"end":{"line":232,"column":9}},"type":"if","locations":[{"start":{"line":230,"column":8},"end":{"line":232,"column":9}}]},"22":{"loc":{"start":{"line":230,"column":12},"end":{"line":230,"column":101}},"type":"binary-expr","locations":[{"start":{"line":230,"column":12},"end":{"line":230,"column":54}},{"start":{"line":230,"column":58},"end":{"line":230,"column":101}}]},"23":{"loc":{"start":{"line":236,"column":8},"end":{"line":241,"column":9}},"type":"if","locations":[{"start":{"line":236,"column":8},"end":{"line":241,"column":9}}]},"24":{"loc":{"start":{"line":248,"column":4},"end":{"line":248,"column":35}},"type":"default-arg","locations":[{"start":{"line":248,"column":33},"end":{"line":248,"column":35}}]},"25":{"loc":{"start":{"line":265,"column":14},"end":{"line":265,"column":134}},"type":"cond-expr","locations":[{"start":{"line":265,"column":49},"end":{"line":265,"column":121}},{"start":{"line":265,"column":125},"end":{"line":265,"column":134}}]},"26":{"loc":{"start":{"line":265,"column":49},"end":{"line":265,"column":121}},"type":"cond-expr","locations":[{"start":{"line":265,"column":81},"end":{"line":265,"column":99}},{"start":{"line":265,"column":102},"end":{"line":265,"column":121}}]},"27":{"loc":{"start":{"line":271,"column":8},"end":{"line":297,"column":9}},"type":"if","locations":[{"start":{"line":271,"column":8},"end":{"line":297,"column":9}},{"start":{"line":288,"column":15},"end":{"line":297,"column":9}}]},"28":{"loc":{"start":{"line":273,"column":10},"end":{"line":287,"column":11}},"type":"if","locations":[{"start":{"line":273,"column":10},"end":{"line":287,"column":11}},{"start":{"line":282,"column":17},"end":{"line":287,"column":11}}]},"29":{"loc":{"start":{"line":275,"column":14},"end":{"line":280,"column":15}},"type":"if","locations":[{"start":{"line":275,"column":14},"end":{"line":280,"column":15}}]},"30":{"loc":{"start":{"line":282,"column":17},"end":{"line":287,"column":11}},"type":"if","locations":[{"start":{"line":282,"column":17},"end":{"line":287,"column":11}}]},"31":{"loc":{"start":{"line":282,"column":21},"end":{"line":282,"column":75}},"type":"binary-expr","locations":[{"start":{"line":282,"column":21},"end":{"line":282,"column":57}},{"start":{"line":282,"column":61},"end":{"line":282,"column":75}}]},"32":{"loc":{"start":{"line":288,"column":15},"end":{"line":297,"column":9}},"type":"if","locations":[{"start":{"line":288,"column":15},"end":{"line":297,"column":9}}]},"33":{"loc":{"start":{"line":290,"column":12},"end":{"line":295,"column":13}},"type":"if","locations":[{"start":{"line":290,"column":12},"end":{"line":295,"column":13}}]},"34":{"loc":{"start":{"line":301,"column":8},"end":{"line":314,"column":9}},"type":"if","locations":[{"start":{"line":301,"column":8},"end":{"line":314,"column":9}},{"start":{"line":309,"column":15},"end":{"line":314,"column":9}}]},"35":{"loc":{"start":{"line":302,"column":10},"end":{"line":303,"column":65}},"type":"binary-expr","locations":[{"start":{"line":302,"column":11},"end":{"line":302,"column":47}},{"start":{"line":302,"column":51},"end":{"line":302,"column":65}},{"start":{"line":303,"column":11},"end":{"line":303,"column":46}},{"start":{"line":303,"column":50},"end":{"line":303,"column":64}}]},"36":{"loc":{"start":{"line":309,"column":15},"end":{"line":314,"column":9}},"type":"if","locations":[{"start":{"line":309,"column":15},"end":{"line":314,"column":9}}]},"37":{"loc":{"start":{"line":322,"column":8},"end":{"line":328,"column":9}},"type":"if","locations":[{"start":{"line":322,"column":8},"end":{"line":328,"column":9}}]}},"s":{"0":1,"1":1,"2":1,"3":1,"4":1,"5":1,"6":1,"7":1,"8":1,"9":0,"10":0,"11":0,"12":0,"13":0,"14":0,"15":0,"16":0,"17":0,"18":0,"19":0,"20":0,"21":0,"22":0,"23":0,"24":0,"25":0,"26":0,"27":0,"28":0,"29":0,"30":0,"31":0,"32":0,"33":0,"34":0,"35":0,"36":0,"37":0,"38":0,"39":0,"40":0,"41":0,"42":0,"43":0,"44":0,"45":0,"46":0,"47":0,"48":0,"49":0,"50":0,"51":0,"52":0,"53":0,"54":0,"55":0,"56":0,"57":0,"58":0,"59":0,"60":0,"61":0,"62":0,"63":0,"64":0,"65":0,"66":0,"67":0,"68":0,"69":0,"70":0,"71":0,"72":0,"73":0,"74":0,"75":0,"76":0,"77":0,"78":0,"79":0,"80":0,"81":0,"82":0,"83":0,"84":0,"85":0,"86":0,"87":0,"88":0,"89":0,"90":0,"91":0,"92":0,"93":0,"94":0,"95":0,"96":0,"97":0,"98":0,"99":0,"100":0,"101":0,"102":0,"103":0,"104":0,"105":0,"106":0,"107":0,"108":0,"109":0,"110":0,"111":0,"112":0,"113":0,"114":0,"115":0,"116":0,"117":0,"118":0,"119":0,"120":0,"121":0,"122":1},"f":{"0":0,"1":0,"2":0,"3":0,"4":0,"5":0,"6":0,"7":0,"8":0,"9":0,"10":0,"11":0,"12":0,"13":0,"14":0,"15":0,"16":0,"17":0,"18":0,"19":0,"20":0,"21":0,"22":0,"23":0,"24":0,"25":0,"26":0,"27":0,"28":0,"29":0},"b":{"0":[0],"1":[0],"2":[0,0],"3":[0,0],"4":[0],"5":[0],"6":[0,0],"7":[0],"8":[0],"9":[0],"10":[0],"11":[0],"12":[0],"13":[0],"14":[0],"15":[0],"16":[0],"17":[0],"18":[0,0],"19":[0],"20":[0],"21":[0],"22":[0,0],"23":[0],"24":[0],"25":[0,0],"26":[0,0],"27":[0,0],"28":[0,0],"29":[0],"30":[0],"31":[0,0],"32":[0],"33":[0],"34":[0,0],"35":[0,0,0,0],"36":[0],"37":[0]}}
}
