TN:
SF:src/extension.ts
FN:9,activate
FN:17,(anonymous_1)
FN:36,(anonymous_2)
FN:272,getWebviewContent
FN:287,deactivate
FNF:5
FNH:3
FNDA:3,activate
FNDA:1,(anonymous_1)
FNDA:0,(anonymous_2)
FNDA:1,getWebviewContent
FNDA:0,deactivate
DA:3,1
DA:4,1
DA:5,1
DA:9,1
DA:12,3
DA:17,3
DA:18,1
DA:28,1
DA:32,1
DA:34,1
DA:36,1
DA:37,0
DA:39,0
DA:47,0
DA:49,0
DA:50,0
DA:52,0
DA:53,0
DA:54,0
DA:57,0
DA:59,0
DA:60,0
DA:67,0
DA:73,0
DA:80,0
DA:112,0
DA:114,0
DA:115,0
DA:123,0
DA:126,0
DA:132,0
DA:142,0
DA:256,0
DA:260,0
DA:263,0
DA:264,0
DA:269,3
DA:273,1
DA:287,1
LF:39
LH:14
BRDA:37,0,0,0
BRDA:37,0,1,0
BRDA:37,0,2,0
BRDA:49,1,0,0
BRDA:49,2,0,0
BRDA:49,2,1,0
BRF:6
BRH:0
end_of_record
TN:
SF:src/webview/parsingScript.ts
FN:48,(anonymous_0)
FN:51,(anonymous_1)
FN:60,(anonymous_2)
FN:79,(anonymous_3)
FN:93,(anonymous_4)
FN:98,(anonymous_5)
FN:111,(anonymous_6)
FN:116,(anonymous_7)
FN:119,(anonymous_8)
FN:136,(anonymous_9)
FN:148,(anonymous_10)
FN:152,(anonymous_11)
FN:155,(anonymous_12)
FN:172,(anonymous_13)
FN:179,(anonymous_14)
FN:192,(anonymous_15)
FN:207,(anonymous_16)
FN:238,(anonymous_17)
FN:238,(anonymous_18)
FN:240,(anonymous_19)
FN:246,(anonymous_20)
FN:260,(anonymous_21)
FN:263,(anonymous_22)
FN:270,(anonymous_23)
FN:274,(anonymous_24)
FN:289,(anonymous_25)
FN:299,(anonymous_26)
FN:321,(anonymous_27)
FN:333,(anonymous_28)
FN:336,(anonymous_29)
FNF:30
FNH:0
FNDA:0,(anonymous_0)
FNDA:0,(anonymous_1)
FNDA:0,(anonymous_2)
FNDA:0,(anonymous_3)
FNDA:0,(anonymous_4)
FNDA:0,(anonymous_5)
FNDA:0,(anonymous_6)
FNDA:0,(anonymous_7)
FNDA:0,(anonymous_8)
FNDA:0,(anonymous_9)
FNDA:0,(anonymous_10)
FNDA:0,(anonymous_11)
FNDA:0,(anonymous_12)
FNDA:0,(anonymous_13)
FNDA:0,(anonymous_14)
FNDA:0,(anonymous_15)
FNDA:0,(anonymous_16)
FNDA:0,(anonymous_17)
FNDA:0,(anonymous_18)
FNDA:0,(anonymous_19)
FNDA:0,(anonymous_20)
FNDA:0,(anonymous_21)
FNDA:0,(anonymous_22)
FNDA:0,(anonymous_23)
FNDA:0,(anonymous_24)
FNDA:0,(anonymous_25)
FNDA:0,(anonymous_26)
FNDA:0,(anonymous_27)
FNDA:0,(anonymous_28)
FNDA:0,(anonymous_29)
DA:1,1
DA:2,1
DA:3,1
DA:4,1
DA:5,1
DA:36,1
DA:37,1
DA:38,1
DA:48,1
DA:51,0
DA:56,0
DA:57,0
DA:58,0
DA:59,0
DA:60,0
DA:62,0
DA:66,0
DA:67,0
DA:68,0
DA:69,0
DA:70,0
DA:75,0
DA:77,0
DA:79,0
DA:84,0
DA:92,0
DA:93,0
DA:96,0
DA:98,0
DA:102,0
DA:110,0
DA:111,0
DA:115,0
DA:116,0
DA:117,0
DA:119,0
DA:122,0
DA:132,0
DA:134,0
DA:136,0
DA:140,0
DA:147,0
DA:148,0
DA:151,0
DA:152,0
DA:153,0
DA:155,0
DA:158,0
DA:168,0
DA:169,0
DA:172,0
DA:173,0
DA:176,0
DA:178,0
DA:179,0
DA:181,0
DA:187,0
DA:192,0
DA:194,0
DA:195,0
DA:197,0
DA:198,0
DA:202,0
DA:203,0
DA:204,0
DA:207,0
DA:208,0
DA:209,0
DA:210,0
DA:213,0
DA:214,0
DA:218,0
DA:219,0
DA:223,0
DA:225,0
DA:230,0
DA:231,0
DA:235,0
DA:236,0
DA:238,0
DA:240,0
DA:246,0
DA:250,0
DA:251,0
DA:256,0
DA:257,0
DA:259,0
DA:261,0
DA:263,0
DA:271,0
DA:272,0
DA:273,0
DA:274,0
DA:275,0
DA:276,0
DA:282,0
DA:283,0
DA:288,0
DA:289,0
DA:290,0
DA:291,0
DA:300,0
DA:301,0
DA:305,0
DA:309,0
DA:310,0
DA:318,0
DA:320,0
DA:322,0
DA:323,0
DA:327,0
DA:332,0
DA:333,0
DA:335,0
DA:337,0
DA:338,0
DA:342,0
DA:345,0
DA:346,0
DA:349,1
LF:120
LH:10
BRDA:53,0,0,0
BRDA:66,1,0,0
BRDA:66,2,0,0
BRDA:66,2,1,0
BRDA:70,3,0,0
BRDA:70,3,1,0
BRDA:75,4,0,0
BRDA:77,5,0,0
BRDA:88,6,0,0
BRDA:88,6,1,0
BRDA:96,7,0,0
BRDA:115,8,0,0
BRDA:117,9,0,0
BRDA:132,10,0,0
BRDA:134,11,0,0
BRDA:151,12,0,0
BRDA:153,13,0,0
BRDA:178,14,0,0
BRDA:194,15,0,0
BRDA:197,16,0,0
BRDA:213,17,0,0
BRDA:213,18,0,0
BRDA:213,18,1,0
BRDA:218,19,0,0
BRDA:223,20,0,0
BRDA:230,21,0,0
BRDA:230,22,0,0
BRDA:230,22,1,0
BRDA:236,23,0,0
BRDA:248,24,0,0
BRDA:265,25,0,0
BRDA:265,25,1,0
BRDA:265,26,0,0
BRDA:265,26,1,0
BRDA:271,27,0,0
BRDA:271,27,1,0
BRDA:273,28,0,0
BRDA:273,28,1,0
BRDA:275,29,0,0
BRDA:282,30,0,0
BRDA:282,31,0,0
BRDA:282,31,1,0
BRDA:288,32,0,0
BRDA:290,33,0,0
BRDA:301,34,0,0
BRDA:301,34,1,0
BRDA:302,35,0,0
BRDA:302,35,1,0
BRDA:302,35,2,0
BRDA:302,35,3,0
BRDA:309,36,0,0
BRDA:322,37,0,0
BRF:52
BRH:0
end_of_record
